C:\Users\Administrator\Desktop\HCR\C++ Neural Network Architecture code\NumIden\Debug\NumIden.dll
C:\Users\Administrator\Desktop\HCR\C++ Neural Network Architecture code\NumIden\Debug\NumIden.ilk
C:\Users\Administrator\Desktop\HCR\C++ Neural Network Architecture code\NumIden\Debug\NumIden.pdb
C:\Users\Administrator\Desktop\HCR\C++ Neural Network Architecture code\NumIden\NumIden\Debug\cl.command.1.tlog
C:\Users\Administrator\Desktop\HCR\C++ Neural Network Architecture code\NumIden\NumIden\Debug\CL.read.1.tlog
C:\Users\Administrator\Desktop\HCR\C++ Neural Network Architecture code\NumIden\NumIden\Debug\CL.write.1.tlog
C:\Users\Administrator\Desktop\HCR\C++ Neural Network Architecture code\NumIden\NumIden\Debug\link.11032.read.1.tlog
C:\Users\Administrator\Desktop\HCR\C++ Neural Network Architecture code\NumIden\NumIden\Debug\link.11032.write.1.tlog
C:\Users\Administrator\Desktop\HCR\C++ Neural Network Architecture code\NumIden\NumIden\Debug\link.11032-cvtres.read.1.tlog
C:\Users\Administrator\Desktop\HCR\C++ Neural Network Architecture code\NumIden\NumIden\Debug\link.11032-cvtres.write.1.tlog
C:\Users\Administrator\Desktop\HCR\C++ Neural Network Architecture code\NumIden\NumIden\Debug\link.13212.read.1.tlog
C:\Users\Administrator\Desktop\HCR\C++ Neural Network Architecture code\NumIden\NumIden\Debug\link.13212.write.1.tlog
C:\Users\Administrator\Desktop\HCR\C++ Neural Network Architecture code\NumIden\NumIden\Debug\link.13212-cvtres.read.1.tlog
C:\Users\Administrator\Desktop\HCR\C++ Neural Network Architecture code\NumIden\NumIden\Debug\link.13212-cvtres.write.1.tlog
C:\Users\Administrator\Desktop\HCR\C++ Neural Network Architecture code\NumIden\NumIden\Debug\link.command.1.tlog
C:\Users\Administrator\Desktop\HCR\C++ Neural Network Architecture code\NumIden\NumIden\Debug\link.read.1.tlog
C:\Users\Administrator\Desktop\HCR\C++ Neural Network Architecture code\NumIden\NumIden\Debug\link.write.1.tlog
C:\Users\Administrator\Desktop\HCR\C++ Neural Network Architecture code\NumIden\NumIden\Debug\link-cvtres.read.1.tlog
C:\Users\Administrator\Desktop\HCR\C++ Neural Network Architecture code\NumIden\NumIden\Debug\link-cvtres.write.1.tlog
C:\Users\Administrator\Desktop\HCR\C++ Neural Network Architecture code\NumIden\NumIden\Debug\math_utils.obj
C:\Users\Administrator\Desktop\HCR\C++ Neural Network Architecture code\NumIden\NumIden\Debug\Matrix.obj
C:\Users\Administrator\Desktop\HCR\C++ Neural Network Architecture code\NumIden\NumIden\Debug\mt.command.1.tlog
C:\Users\Administrator\Desktop\HCR\C++ Neural Network Architecture code\NumIden\NumIden\Debug\mt.read.1.tlog
C:\Users\Administrator\Desktop\HCR\C++ Neural Network Architecture code\NumIden\NumIden\Debug\mt.write.1.tlog
C:\Users\Administrator\Desktop\HCR\C++ Neural Network Architecture code\NumIden\NumIden\Debug\net_flood_ocrnn_NeuralNetwork.obj
C:\Users\Administrator\Desktop\HCR\C++ Neural Network Architecture code\NumIden\NumIden\Debug\neural_net.obj
C:\Users\Administrator\Desktop\HCR\C++ Neural Network Architecture code\NumIden\NumIden\Debug\NumIden.dll.embed.manifest
C:\Users\Administrator\Desktop\HCR\C++ Neural Network Architecture code\NumIden\NumIden\Debug\NumIden.dll.embed.manifest.res
C:\Users\Administrator\Desktop\HCR\C++ Neural Network Architecture code\NumIden\NumIden\Debug\NumIden.dll.intermediate.manifest
C:\Users\Administrator\Desktop\HCR\C++ Neural Network Architecture code\NumIden\NumIden\Debug\NumIden.vcxprojResolveAssemblyReference.cache
C:\Users\Administrator\Desktop\HCR\C++ Neural Network Architecture code\NumIden\NumIden\Debug\NumIden.write.1.tlog
C:\Users\Administrator\Desktop\HCR\C++ Neural Network Architecture code\NumIden\NumIden\Debug\NumIden_manifest.rc
C:\Users\Administrator\Desktop\HCR\C++ Neural Network Architecture code\NumIden\NumIden\Debug\rc.command.1.tlog
C:\Users\Administrator\Desktop\HCR\C++ Neural Network Architecture code\NumIden\NumIden\Debug\rc.read.1.tlog
C:\Users\Administrator\Desktop\HCR\C++ Neural Network Architecture code\NumIden\NumIden\Debug\rc.write.1.tlog
C:\Users\Administrator\Desktop\HCR\C++ Neural Network Architecture code\NumIden\NumIden\Debug\vc100.idb
C:\Users\Administrator\Desktop\HCR\C++ Neural Network Architecture code\NumIden\NumIden\Debug\vc100.pdb
C:\USERS\KESAVANTH\DESKTOP\CI - ICBT\NUMBERIDEN\NUMIDEN\DEBUG\NUMIDEN.DLL
C:\Users\kesavanth\Desktop\CI - ICBT\NumberIden\NumIden\Debug\NumIden.exp
C:\USERS\KESAVANTH\DESKTOP\CI - ICBT\NUMBERIDEN\NUMIDEN\DEBUG\NUMIDEN.ILK
C:\Users\kesavanth\Desktop\CI - ICBT\NumberIden\NumIden\Debug\NumIden.lib
C:\USERS\KESAVANTH\DESKTOP\CI - ICBT\NUMBERIDEN\NUMIDEN\DEBUG\NUMIDEN.PDB
C:\USERS\KESAVANTH\DESKTOP\CI - ICBT\NUMBERIDEN\NUMIDEN\NUMIDEN\DEBUG\MATH_UTILS.OBJ
C:\USERS\KESAVANTH\DESKTOP\CI - ICBT\NUMBERIDEN\NUMIDEN\NUMIDEN\DEBUG\MATRIX.OBJ
C:\USERS\KESAVANTH\DESKTOP\CI - ICBT\NUMBERIDEN\NUMIDEN\NUMIDEN\DEBUG\NET_FLOOD_OCRNN_NEURALNETWORK.OBJ
C:\USERS\KESAVANTH\DESKTOP\CI - ICBT\NUMBERIDEN\NUMIDEN\NUMIDEN\DEBUG\NEURAL_NET.OBJ
C:\USERS\KESAVANTH\DESKTOP\CI - ICBT\NUMBERIDEN\NUMIDEN\NUMIDEN\DEBUG\NUMIDEN.DLL.EMBED.MANIFEST
C:\USERS\KESAVANTH\DESKTOP\CI - ICBT\NUMBERIDEN\NUMIDEN\NUMIDEN\DEBUG\NUMIDEN.DLL.EMBED.MANIFEST.RES
C:\USERS\KESAVANTH\DESKTOP\CI - ICBT\NUMBERIDEN\NUMIDEN\NUMIDEN\DEBUG\NUMIDEN.DLL.INTERMEDIATE.MANIFEST
C:\USERS\KESAVANTH\DESKTOP\CI - ICBT\NUMBERIDEN\NUMIDEN\NUMIDEN\DEBUG\VC100.PDB
