Build started 9/1/2018 3:34:25 PM.
     1>Project "C:\Users\Administrator\Desktop\HCR\C++ Neural Network Architecture code\NumIden\NumIden\NumIden.vcxproj" on node 2 (rebuild target(s)).
     1>_PrepareForClean:
         Deleting file "Debug\NumIden.lastbuildstate".
       InitializeBuildStatus:
         Creating "Debug\NumIden.unsuccessfulbuild" because "AlwaysCreate" was specified.
       ClCompile:
         C:\Program Files\Microsoft Visual Studio 10.0\VC\bin\CL.exe /c /I"C:\Program Files\Java\jdk-9.0.1\include\\" /I"C:\Program Files\Java\jdk-9.0.1\include\win32" /ZI /nologo /W3 /WX- /Od /Oy- /D WIN32 /D _DEBUG /D _WINDOWS /D _USRDLL /D NUMIDEN_EXPORTS /D _WINDLL /D _UNICODE /D UNICODE /Gm /EHsc /RTC1 /MDd /GS /fp:precise /Zc:wchar_t /Zc:forScope /Fo"Debug\\" /Fd"Debug\vc100.pdb" /Gd /TP /analyze- /errorReport:prompt math_utils.cpp Matrix.cpp net_flood_ocrnn_NeuralNetwork.cpp neural_net.cpp
         neural_net.cpp
     1>c:\users\administrator\desktop\hcr\c++ neural network architecture code\numiden\numiden\matrix.cpp(226): warning C4018: '<' : signed/unsigned mismatch
                 c:\users\administrator\desktop\hcr\c++ neural network architecture code\numiden\numiden\matrix.cpp(222) : while compiling class template member function 'Matrix<T> &Matrix<T>::dot(const Matrix<T> &,Matrix<T> &)'
                 with
                 [
                     T=double
                 ]
                 c:\users\administrator\desktop\hcr\c++ neural network architecture code\numiden\numiden\neural_net.h(22) : see reference to class template instantiation 'Matrix<T>' being compiled
                 with
                 [
                     T=double
                 ]
     1>c:\users\administrator\desktop\hcr\c++ neural network architecture code\numiden\numiden\matrix.cpp(227): warning C4018: '<' : signed/unsigned mismatch
     1>c:\users\administrator\desktop\hcr\c++ neural network architecture code\numiden\numiden\matrix.cpp(229): warning C4018: '<' : signed/unsigned mismatch
     1>c:\users\administrator\desktop\hcr\c++ neural network architecture code\numiden\numiden\matrix.cpp(239): warning C4018: '<' : signed/unsigned mismatch
                 c:\users\administrator\desktop\hcr\c++ neural network architecture code\numiden\numiden\matrix.cpp(238) : while compiling class template member function 'Matrix<T> &Matrix<T>::apply(T (__cdecl *)(T))'
                 with
                 [
                     T=double
                 ]
     1>c:\users\administrator\desktop\hcr\c++ neural network architecture code\numiden\numiden\matrix.cpp(240): warning C4018: '<' : signed/unsigned mismatch
     1>c:\users\administrator\desktop\hcr\c++ neural network architecture code\numiden\numiden\matrix.cpp(256): warning C4018: '<' : signed/unsigned mismatch
                 c:\users\administrator\desktop\hcr\c++ neural network architecture code\numiden\numiden\matrix.cpp(255) : while compiling class template member function 'Matrix<T> &Matrix<T>::transpose(Matrix<T> &)'
                 with
                 [
                     T=double
                 ]
     1>c:\users\administrator\desktop\hcr\c++ neural network architecture code\numiden\numiden\matrix.cpp(257): warning C4018: '<' : signed/unsigned mismatch
         net_flood_ocrnn_NeuralNetwork.cpp
     1>c:\users\administrator\desktop\hcr\c++ neural network architecture code\numiden\numiden\net_flood_ocrnn_neuralnetwork.h(2): fatal error C1083: Cannot open include file: 'jni.h': No such file or directory
         Matrix.cpp
         math_utils.cpp
         Generating Code...
     1>Done Building Project "C:\Users\Administrator\Desktop\HCR\C++ Neural Network Architecture code\NumIden\NumIden\NumIden.vcxproj" (rebuild target(s)) -- FAILED.

Build FAILED.

Time Elapsed 00:00:04.85
